<?xml version="1.0" encoding="UTF-8"?>
<testng-results ignored="0" total="2" passed="2" failed="0" skipped="0">
  <reporter-output>
    <line>
      <![CDATA[Test1]]>
    </line>
    <line>
      <![CDATA[Test2]]>
    </line>
  </reporter-output>
  <suite started-at="2023-09-04T09:25:45 IST" name="Default suite" finished-at="2023-09-04T09:25:45 IST" duration-ms="63">
    <groups>
    </groups>
    <test started-at="2023-09-04T09:25:45 IST" name="Default test" finished-at="2023-09-04T09:25:45 IST" duration-ms="63">
      <class name="sampleTests.SampleTest1">
        <test-method signature="test1()[pri:0, instance:sampleTests.SampleTest1@77847718]" started-at="2023-09-04T09:25:45 IST" name="test1" finished-at="2023-09-04T09:25:45 IST" duration-ms="7" status="PASS">
          <reporter-output>
            <line>
              <![CDATA[Test1]]>
            </line>
          </reporter-output>
        </test-method> <!-- test1 -->
        <test-method signature="test2()[pri:0, instance:sampleTests.SampleTest1@77847718]" started-at="2023-09-04T09:25:45 IST" name="test2" finished-at="2023-09-04T09:25:45 IST" duration-ms="1" status="PASS">
          <reporter-output>
            <line>
              <![CDATA[Test2]]>
            </line>
          </reporter-output>
        </test-method> <!-- test2 -->
      </class> <!-- sampleTests.SampleTest1 -->
    </test> <!-- Default test -->
  </suite> <!-- Default suite -->
</testng-results>
